<?xml version="1.0" encoding="UTF-8"?>
<testng-results ignored="0" total="1" passed="1" failed="0" skipped="0">
  <reporter-output>
  </reporter-output>
  <suite started-at="2024-10-23T23:11:59 CEST" name="Default suite" finished-at="2024-10-23T23:12:10 CEST" duration-ms="11194">
    <groups>
    </groups>
    <test started-at="2024-10-23T23:11:59 CEST" name="Default test" finished-at="2024-10-23T23:12:10 CEST" duration-ms="11194">
      <class name="testCase.FileUploadDemo2">
        <test-method is-config="true" signature="setup()[pri:0, instance:testCase.FileUploadDemo2@5542c4ed]" started-at="2024-10-23T23:11:59 CEST" name="setup" finished-at="2024-10-23T23:12:09 CEST" duration-ms="10110" status="PASS">
          <reporter-output>
          </reporter-output>
        </test-method> <!-- setup -->
        <test-method signature="fileUploadTest()[pri:0, instance:testCase.FileUploadDemo2@5542c4ed]" started-at="2024-10-23T23:12:09 CEST" name="fileUploadTest" finished-at="2024-10-23T23:12:10 CEST" duration-ms="963" status="PASS">
          <reporter-output>
          </reporter-output>
        </test-method> <!-- fileUploadTest -->
        <test-method is-config="true" signature="tearDown()[pri:0, instance:testCase.FileUploadDemo2@5542c4ed]" started-at="2024-10-23T23:12:10 CEST" name="tearDown" finished-at="2024-10-23T23:12:10 CEST" duration-ms="3" status="PASS">
          <reporter-output>
          </reporter-output>
        </test-method> <!-- tearDown -->
      </class> <!-- testCase.FileUploadDemo2 -->
    </test> <!-- Default test -->
  </suite> <!-- Default suite -->
</testng-results>
